<?xml version="1.0" encoding="UTF-8"?>
<!-- Generated by org.testng.reporters.JUnitXMLReporter -->
<testsuite ignored="1" hostname="sub" failures="0" tests="7" name="Default test" time="0.123" errors="0" timestamp="2023-08-08T10:54:35 IST">
  <testcase classname="Task.Assignment" name="@BeforeClass BrowserInit" time="-1.691472275134E9">
    <failure type="org.testng.TestNGException" message="
Parameter &amp;apos;Browser&amp;apos; is required by BeforeClass on method BrowserInit but has not been marked @Optional or defined
in C:\Users\Saurabh\AppData\Local\Temp\testng-eclipse-8657424\testng-customsuite.xml">
      <![CDATA[org.testng.TestNGException: 
Parameter 'Browser' is required by BeforeClass on method BrowserInit but has not been marked @Optional or defined
in C:\Users\Saurabh\AppData\Local\Temp\testng-eclipse-8657424\testng-customsuite.xml
at org.testng.internal.Parameters.createParams(Parameters.java:267)
at org.testng.internal.Parameters.createParametersForMethod(Parameters.java:355)
at org.testng.internal.Parameters.createParameters(Parameters.java:684)
at org.testng.internal.Parameters.createConfigurationParameters(Parameters.java:166)
at org.testng.internal.invokers.ConfigInvoker.invokeConfigurations(ConfigInvoker.java:277)
at org.testng.internal.invokers.TestMethodWorker.invokeBeforeClassMethods(TestMethodWorker.java:180)
at org.testng.internal.invokers.TestMethodWorker.run(TestMethodWorker.java:122)
at java.base/java.util.ArrayList.forEach(ArrayList.java:1511)
at org.testng.TestRunner.privateRun(TestRunner.java:829)
at org.testng.TestRunner.run(TestRunner.java:602)
at org.testng.SuiteRunner.runTest(SuiteRunner.java:437)
at org.testng.SuiteRunner.runSequentially(SuiteRunner.java:431)
at org.testng.SuiteRunner.privateRun(SuiteRunner.java:391)
at org.testng.SuiteRunner.run(SuiteRunner.java:330)
at org.testng.SuiteRunnerWorker.runSuite(SuiteRunnerWorker.java:52)
at org.testng.SuiteRunnerWorker.run(SuiteRunnerWorker.java:95)
at org.testng.TestNG.runSuitesSequentially(TestNG.java:1256)
at org.testng.TestNG.runSuitesLocally(TestNG.java:1176)
at org.testng.TestNG.runSuites(TestNG.java:1099)
at org.testng.TestNG.run(TestNG.java:1067)
at org.testng.remote.AbstractRemoteTestNG.run(AbstractRemoteTestNG.java:115)
at org.testng.remote.RemoteTestNG.initAndRun(RemoteTestNG.java:251)
at org.testng.remote.RemoteTestNG.main(RemoteTestNG.java:77)
]]>
    </failure>
  </testcase> <!-- @BeforeClass BrowserInit -->
  <testcase classname="Task.Assignment" name="VerifyURl" time="0.0">
    <skipped/>
  </testcase> <!-- VerifyURl -->
  <testcase classname="Task.Assignment" name="CheckCredencials" time="0.0">
    <skipped/>
  </testcase> <!-- CheckCredencials -->
  <testcase classname="Task.Assignment" name="Verify" time="0.001">
    <skipped/>
  </testcase> <!-- Verify -->
  <testcase classname="Task.Assignment" name="CheckArrow" time="0.0">
    <skipped/>
  </testcase> <!-- CheckArrow -->
  <testcase classname="Task.Assignment" name="VerifyTransformer" time="0.0">
    <skipped/>
  </testcase> <!-- VerifyTransformer -->
  <testcase classname="Task.Assignment" name="VerifyIcon" time="0.0">
    <skipped/>
  </testcase> <!-- VerifyIcon -->
  <testcase classname="Task.Assignment" name="VerifyEnergy" time="0.0">
    <skipped/>
  </testcase> <!-- VerifyEnergy -->
  <testcase classname="Task.Assignment" name="CheckMetser" time="0.0">
    <ignored/>
  </testcase> <!-- CheckMetser -->
</testsuite> <!-- Default test -->
